Using pre-set license
Built from '2021.3/staging' branch; Version is '2021.3.24f1 (cf10dcf7010d) revision 13570268'; Using compiler version '192829333'; Build Type 'Release'
OS: 'Windows 10  (10.0.19045) 64bit Professional' Language: 'ru' Physical Memory: 3071 MB
BatchMode: 1, IsHumanControllingUs: 0, StartBugReporterOnCrash: 0, Is64bit: 1, IsPro: 1

COMMAND LINE ARGUMENTS:
F:\Program\New Unity\2021.3.24f1\Editor\Unity.exe
-adb2
-batchMode
-noUpm
-name
AssetImportWorker0
-projectPath
F:/Freelans/New/hover-racer-training-master
-logFile
Logs/AssetImportWorker0.log
-srvPort
51252
Successfully changed project path to: F:/Freelans/New/hover-racer-training-master
F:/Freelans/New/hover-racer-training-master
[UnityMemory] Configuration Parameters - Can be set up in boot.config
    "memorysetup-bucket-allocator-granularity=16"
    "memorysetup-bucket-allocator-bucket-count=8"
    "memorysetup-bucket-allocator-block-size=33554432"
    "memorysetup-bucket-allocator-block-count=8"
    "memorysetup-main-allocator-block-size=16777216"
    "memorysetup-thread-allocator-block-size=16777216"
    "memorysetup-gfx-main-allocator-block-size=16777216"
    "memorysetup-gfx-thread-allocator-block-size=16777216"
    "memorysetup-cache-allocator-block-size=4194304"
    "memorysetup-typetree-allocator-block-size=2097152"
    "memorysetup-profiler-bucket-allocator-granularity=16"
    "memorysetup-profiler-bucket-allocator-bucket-count=8"
    "memorysetup-profiler-bucket-allocator-block-size=33554432"
    "memorysetup-profiler-bucket-allocator-block-count=8"
    "memorysetup-profiler-allocator-block-size=16777216"
    "memorysetup-profiler-editor-allocator-block-size=1048576"
    "memorysetup-temp-allocator-size-main=16777216"
    "memorysetup-job-temp-allocator-block-size=2097152"
    "memorysetup-job-temp-allocator-block-size-background=1048576"
    "memorysetup-job-temp-allocator-reduction-small-platforms=262144"
    "memorysetup-temp-allocator-size-background-worker=32768"
    "memorysetup-temp-allocator-size-job-worker=262144"
    "memorysetup-temp-allocator-size-preload-manager=33554432"
    "memorysetup-temp-allocator-size-nav-mesh-worker=65536"
    "memorysetup-temp-allocator-size-audio-worker=65536"
    "memorysetup-temp-allocator-size-cloud-worker=32768"
    "memorysetup-temp-allocator-size-gi-baking-worker=262144"
    "memorysetup-temp-allocator-size-gfx=262144"
Player connection [6736] Host "[IP] 93.123.251.83 [Port] 0 [Flags] 2 [Guid] 1290781810 [EditorId] 1290781810 [Version] 1048832 [Id] WindowsEditor(7,DESKTOP-9KDKD4P) [Debug] 1 [PackageName] WindowsEditor [ProjectName] Editor" joined multi-casting on [225.0.0.222:54997]...

Player connection [6736] Host "[IP] 93.123.251.83 [Port] 0 [Flags] 2 [Guid] 1290781810 [EditorId] 1290781810 [Version] 1048832 [Id] WindowsEditor(7,DESKTOP-9KDKD4P) [Debug] 1 [PackageName] WindowsEditor [ProjectName] Editor" joined alternative multi-casting on [225.0.0.222:34997]...

Refreshing native plugins compatible for Editor in 166.01 ms, found 4 plugins.
Preloading 0 native plugins for Editor in 0.00 ms.
Initialize engine version: 2021.3.24f1 (cf10dcf7010d)
[Subsystems] Discovering subsystems at path F:/Program/New Unity/2021.3.24f1/Editor/Data/Resources/UnitySubsystems
[Subsystems] Discovering subsystems at path F:/Freelans/New/hover-racer-training-master/Assets
GfxDevice: creating device client; threaded=0; jobified=0
Direct3D:
    Version:  Direct3D 11.0 [level 10.0]
    Renderer: NVIDIA GeForce 9800 GT   (ID=0x614)
    Vendor:   NVIDIA
    VRAM:     491 MB
    Driver:   21.21.13.4201
Initialize mono
Mono path[0] = 'F:/Program/New Unity/2021.3.24f1/Editor/Data/Managed'
Mono path[1] = 'F:/Program/New Unity/2021.3.24f1/Editor/Data/MonoBleedingEdge/lib/mono/unityjit-win32'
Mono config path = 'F:/Program/New Unity/2021.3.24f1/Editor/Data/MonoBleedingEdge/etc'
Using monoOptions --debugger-agent=transport=dt_socket,embedding=1,server=y,suspend=n,address=127.0.0.1:56816
Begin MonoManager ReloadAssembly
Registering precompiled unity dll's ...
Register platform support module: F:/Program/New Unity/2021.3.24f1/Editor/Data/PlaybackEngines/WindowsStandaloneSupport/UnityEditor.WindowsStandalone.Extensions.dll
Registered in 0.045784 seconds.
Native extension for WindowsStandalone target not found
Refreshing native plugins compatible for Editor in 86.96 ms, found 4 plugins.
Preloading 0 native plugins for Editor in 0.00 ms.
Mono: successfully reloaded assembly
- Completed reload, in  2.161 seconds
Domain Reload Profiling:
	ReloadAssembly (2162ms)
		BeginReloadAssembly (840ms)
			ExecutionOrderSort (0ms)
			DisableScriptedObjects (0ms)
			BackupInstance (0ms)
			ReleaseScriptingObjects (0ms)
			CreateAndSetChildDomain (2ms)
		EndReloadAssembly (1074ms)
			LoadAssemblies (835ms)
			RebuildTransferFunctionScriptingTraits (0ms)
			SetupTypeCache (360ms)
			ReleaseScriptCaches (0ms)
			RebuildScriptCaches (67ms)
			SetupLoadedEditorAssemblies (506ms)
				LogAssemblyErrors (0ms)
				InitializePlatformSupportModulesInManaged (15ms)
				SetLoadedEditorAssemblies (0ms)
				RefreshPlugins (87ms)
				BeforeProcessingInitializeOnLoad (2ms)
				ProcessInitializeOnLoadAttributes (271ms)
				ProcessInitializeOnLoadMethodAttributes (130ms)
				AfterProcessingInitializeOnLoad (0ms)
				EditorAssembliesLoaded (0ms)
			ExecutionOrderSort2 (0ms)
			AwakeInstancesAfterBackupRestoration (0ms)
Platform modules already initialized, skipping
Registering precompiled user dll's ...
Registered in 0.279558 seconds.
Begin MonoManager ReloadAssembly
Native extension for WindowsStandalone target not found
Refreshing native plugins compatible for Editor in 1.48 ms, found 4 plugins.
Preloading 0 native plugins for Editor in 0.00 ms.
Mono: successfully reloaded assembly
- Completed reload, in 10.858 seconds
Domain Reload Profiling:
	ReloadAssembly (10860ms)
		BeginReloadAssembly (616ms)
			ExecutionOrderSort (0ms)
			DisableScriptedObjects (12ms)
			BackupInstance (0ms)
			ReleaseScriptingObjects (0ms)
			CreateAndSetChildDomain (39ms)
		EndReloadAssembly (9598ms)
			LoadAssemblies (2962ms)
			RebuildTransferFunctionScriptingTraits (0ms)
			SetupTypeCache (832ms)
			ReleaseScriptCaches (1ms)
			RebuildScriptCaches (114ms)
			SetupLoadedEditorAssemblies (5901ms)
				LogAssemblyErrors (0ms)
				InitializePlatformSupportModulesInManaged (15ms)
				SetLoadedEditorAssemblies (1ms)
				RefreshPlugins (2ms)
				BeforeProcessingInitializeOnLoad (144ms)
				ProcessInitializeOnLoadAttributes (4904ms)
				ProcessInitializeOnLoadMethodAttributes (820ms)
				AfterProcessingInitializeOnLoad (14ms)
				EditorAssembliesLoaded (0ms)
			ExecutionOrderSort2 (0ms)
			AwakeInstancesAfterBackupRestoration (14ms)
Platform modules already initialized, skipping
========================================================================
Worker process is ready to serve import requests
Launched and connected shader compiler UnityShaderCompiler.exe after 5.67 seconds
Refreshing native plugins compatible for Editor in 1.37 ms, found 4 plugins.
Preloading 0 native plugins for Editor in 0.00 ms.
Unloading 2390 Unused Serialized files (Serialized files now loaded: 0)
Unloading 76 unused Assets / (1.1 MB). Loaded Objects now: 2847.
Memory consumption went from 102.9 MB to 101.8 MB.
Total: 55.506900 ms (FindLiveObjects: 0.949200 ms CreateObjectMapping: 0.368400 ms MarkObjects: 52.834400 ms  DeleteObjects: 1.351400 ms)

AssetImportParameters requested are different than current active one (requested -> active):
  custom:video-decoder-ogg-theora: a1e56fd34408186e4bbccfd4996cb3dc -> 
  custom:container-muxer-webm: aa71ff27fc2769a1b78a27578f13a17b -> 
  custom:container-demuxer-webm: 4f35f7cbe854078d1ac9338744f61a02 -> 
  custom:video-encoder-webm-vp8: eb34c28f22e8b96e1ab97ce403110664 -> 
  custom:audio-encoder-webm-vorbis: bf7c407c2cedff20999df2af8eb42d56 -> 
  custom:framework-win-MediaFoundation: 216162199b28c13a410421893ffa2e32 -> 
  custom:container-demuxer-ogg: 62fdf1f143b41e24485cea50d1cbac27 -> 
  custom:video-decoder-webm-vp8: 9c59270c3fd7afecdb556c50c9e8de78 -> 
  custom:audio-decoder-ogg-vorbis: bf7c407c2cedff20999df2af8eb42d56 -> 
========================================================================
Received Import Request.
  Time since last request: 4706.294049 seconds.
  path: Assets/scene.unity
  artifactKey: Guid(abfc35ee4ae839c45b57eaa3dd4961f7) Importer(815301076,1909f56bfc062723c751e8b465ee728b)
Start importing Assets/scene.unity using Guid(abfc35ee4ae839c45b57eaa3dd4961f7) Importer(815301076,1909f56bfc062723c751e8b465ee728b)  -> (artifact id: '6d8f8693a5adead766f9aba22ce7d17f') in 0.362696 seconds 
========================================================================
Received Prepare
Registering precompiled user dll's ...
Registered in 0.022625 seconds.
Begin MonoManager ReloadAssembly
Native extension for WindowsStandalone target not found
Refreshing native plugins compatible for Editor in 1.33 ms, found 4 plugins.
Preloading 0 native plugins for Editor in 0.00 ms.

=================================================================
	Native Crash Reporting
=================================================================
Got a UNKNOWN while executing native code. This usually indicates
a fatal error in the mono runtime or one of the native libraries 
used by your application.
=================================================================

=================================================================
	Managed Stacktrace:
=================================================================
	  at <unknown> <0xffffffff>
	  at System.Object:__icall_wrapper_ves_icall_array_new_specific <0x0006d>
	  at System.Collections.Generic.List`1:.ctor <0x000d2>
	  at System.MonoCustomAttrs:GetCustomAttributes <0x00502>
	  at System.Reflection.RuntimeMethodInfo:GetCustomAttributes <0x0002a>
	  at CollectGizmoDrawers:.cctor <0x001c7>
	  at System.Object:runtime_invoke_void <0x00084>
	  at <unknown> <0xffffffff>
	  at System.Runtime.CompilerServices.RuntimeHelpers:RunClassConstructor <0x00069>
	  at System.Runtime.CompilerServices.RuntimeHelpers:RunClassConstructor <0x0003a>
	  at UnityEditor.EditorAssemblies:ProcessInitializeOnLoadAttributes <0x005f2>
	  at <Module>:runtime_invoke_void_object <0x00087>
=================================================================
Mono: successfully reloaded assembly
- Completed reload, in  4.351 seconds
Domain Reload Profiling:
	ReloadAssembly (4352ms)
		BeginReloadAssembly (341ms)
			ExecutionOrderSort (0ms)
			DisableScriptedObjects (16ms)
			BackupInstance (0ms)
			ReleaseScriptingObjects (0ms)
			CreateAndSetChildDomain (112ms)
		EndReloadAssembly (3787ms)
			LoadAssemblies (225ms)
			RebuildTransferFunctionScriptingTraits (0ms)
			SetupTypeCache (421ms)
			ReleaseScriptCaches (2ms)
			RebuildScriptCaches (89ms)
			SetupLoadedEditorAssemblies (3013ms)
				LogAssemblyErrors (0ms)
				InitializePlatformSupportModulesInManaged (10ms)
				SetLoadedEditorAssemblies (1ms)
				RefreshPlugins (1ms)
				BeforeProcessingInitializeOnLoad (109ms)
				ProcessInitializeOnLoadAttributes (2736ms)
				ProcessInitializeOnLoadMethodAttributes (143ms)
				AfterProcessingInitializeOnLoad (13ms)
				EditorAssembliesLoaded (0ms)
			ExecutionOrderSort2 (0ms)
			AwakeInstancesAfterBackupRestoration (13ms)
Platform modules already initialized, skipping
Refreshing native plugins compatible for Editor in 9.25 ms, found 4 plugins.
Preloading 0 native plugins for Editor in 0.00 ms.
Unloading 2341 Unused Serialized files (Serialized files now loaded: 0)
Unloading 65 unused Assets / (1.1 MB). Loaded Objects now: 2850.
Memory consumption went from 97.9 MB to 96.9 MB.
Total: 17.667800 ms (FindLiveObjects: 0.927800 ms CreateObjectMapping: 0.264400 ms MarkObjects: 15.499300 ms  DeleteObjects: 0.974300 ms)

AssetImportParameters requested are different than current active one (requested -> active):
  custom:video-decoder-ogg-theora: a1e56fd34408186e4bbccfd4996cb3dc -> 
  custom:container-muxer-webm: aa71ff27fc2769a1b78a27578f13a17b -> 
  custom:container-demuxer-webm: 4f35f7cbe854078d1ac9338744f61a02 -> 
  custom:video-encoder-webm-vp8: eb34c28f22e8b96e1ab97ce403110664 -> 
  custom:audio-encoder-webm-vorbis: bf7c407c2cedff20999df2af8eb42d56 -> 
  custom:framework-win-MediaFoundation: 216162199b28c13a410421893ffa2e32 -> 
  custom:container-demuxer-ogg: 62fdf1f143b41e24485cea50d1cbac27 -> 
  custom:video-decoder-webm-vp8: 9c59270c3fd7afecdb556c50c9e8de78 -> 
  custom:audio-decoder-ogg-vorbis: bf7c407c2cedff20999df2af8eb42d56 -> 
========================================================================
Received Prepare
Registering precompiled user dll's ...
Registered in 0.051673 seconds.
Begin MonoManager ReloadAssembly
Native extension for WindowsStandalone target not found
Refreshing native plugins compatible for Editor in 14.62 ms, found 4 plugins.
Preloading 0 native plugins for Editor in 0.00 ms.
Mono: successfully reloaded assembly
- Completed reload, in 17.172 seconds
Domain Reload Profiling:
	ReloadAssembly (17217ms)
		BeginReloadAssembly (3780ms)
			ExecutionOrderSort (41ms)
			DisableScriptedObjects (135ms)
			BackupInstance (0ms)
			ReleaseScriptingObjects (0ms)
			CreateAndSetChildDomain (802ms)
		EndReloadAssembly (12387ms)
			LoadAssemblies (2980ms)
			RebuildTransferFunctionScriptingTraits (0ms)
			SetupTypeCache (1405ms)
			ReleaseScriptCaches (16ms)
			RebuildScriptCaches (360ms)
			SetupLoadedEditorAssemblies (8484ms)
				LogAssemblyErrors (0ms)
				InitializePlatformSupportModulesInManaged (32ms)
				SetLoadedEditorAssemblies (8ms)
				RefreshPlugins (15ms)
				BeforeProcessingInitializeOnLoad (207ms)
				ProcessInitializeOnLoadAttributes (7949ms)
				ProcessInitializeOnLoadMethodAttributes (241ms)
				AfterProcessingInitializeOnLoad (31ms)
				EditorAssembliesLoaded (0ms)
			ExecutionOrderSort2 (0ms)
			AwakeInstancesAfterBackupRestoration (51ms)
Platform modules already initialized, skipping
Refreshing native plugins compatible for Editor in 65.70 ms, found 4 plugins.
Preloading 0 native plugins for Editor in 0.00 ms.
Unloading 2341 Unused Serialized files (Serialized files now loaded: 0)
Unloading 65 unused Assets / (1.1 MB). Loaded Objects now: 2853.
Memory consumption went from 97.9 MB to 96.9 MB.
Total: 17.324100 ms (FindLiveObjects: 0.557800 ms CreateObjectMapping: 0.151700 ms MarkObjects: 15.679000 ms  DeleteObjects: 0.932200 ms)

AssetImportParameters requested are different than current active one (requested -> active):
  custom:video-decoder-ogg-theora: a1e56fd34408186e4bbccfd4996cb3dc -> 
  custom:container-muxer-webm: aa71ff27fc2769a1b78a27578f13a17b -> 
  custom:container-demuxer-webm: 4f35f7cbe854078d1ac9338744f61a02 -> 
  custom:video-encoder-webm-vp8: eb34c28f22e8b96e1ab97ce403110664 -> 
  custom:audio-encoder-webm-vorbis: bf7c407c2cedff20999df2af8eb42d56 -> 
  custom:framework-win-MediaFoundation: 216162199b28c13a410421893ffa2e32 -> 
  custom:container-demuxer-ogg: 62fdf1f143b41e24485cea50d1cbac27 -> 
  custom:video-decoder-webm-vp8: 9c59270c3fd7afecdb556c50c9e8de78 -> 
  custom:audio-decoder-ogg-vorbis: bf7c407c2cedff20999df2af8eb42d56 -> 
========================================================================
Received Import Request.
  Time since last request: 835.334604 seconds.
  path: Assets/Assets/Scripts/CustomPlayables/TMPTextSwitcher/TMPTextSwitcherMixerBehaviour.cs
  artifactKey: Guid(05883ca318aea4ab39a3c06586806fb9) Importer(815301076,1909f56bfc062723c751e8b465ee728b)
Start importing Assets/Assets/Scripts/CustomPlayables/TMPTextSwitcher/TMPTextSwitcherMixerBehaviour.cs using Guid(05883ca318aea4ab39a3c06586806fb9) Importer(815301076,1909f56bfc062723c751e8b465ee728b)  -> (artifact id: '619371df3e6642af8bc43ec27c6c2891') in 1.776799 seconds 
========================================================================
Received Import Request.
  Time since last request: 97.144345 seconds.
  path: Assets/UnityPackageManager
  artifactKey: Guid(1a6f93ea2f608704786392348a5b0471) Importer(815301076,1909f56bfc062723c751e8b465ee728b)
Start importing Assets/UnityPackageManager using Guid(1a6f93ea2f608704786392348a5b0471) Importer(815301076,1909f56bfc062723c751e8b465ee728b)  -> (artifact id: '969c53bf7566f947c1d0768b31b51ac3') in 0.122314 seconds 
========================================================================
Received Import Request.
  Time since last request: 23.752808 seconds.
  path: Assets/_TerrainAutoUpgrade
  artifactKey: Guid(c3a831b700c9e3443a69ab0e4e40d6bc) Importer(815301076,1909f56bfc062723c751e8b465ee728b)
Start importing Assets/_TerrainAutoUpgrade using Guid(c3a831b700c9e3443a69ab0e4e40d6bc) Importer(815301076,1909f56bfc062723c751e8b465ee728b)  -> (artifact id: '64f72ff63734885342a41fa43043a72d') in 0.141490 seconds 
========================================================================
Received Import Request.
  Time since last request: 0.000046 seconds.
  path: Assets/_TerrainAutoUpgrade/layer_Sand_CSand_N3d3aba195e4d26ee.terrainlayer
  artifactKey: Guid(577e1a66f32b70c46b2e07293546632f) Importer(815301076,1909f56bfc062723c751e8b465ee728b)
Start importing Assets/_TerrainAutoUpgrade/layer_Sand_CSand_N3d3aba195e4d26ee.terrainlayer using Guid(577e1a66f32b70c46b2e07293546632f) Importer(815301076,1909f56bfc062723c751e8b465ee728b)  -> (artifact id: 'd4383905e64db942a21c6bd54b511a92') in 3.163232 seconds 
========================================================================
Received Import Request.
  Time since last request: 0.000054 seconds.
  path: Assets/_TerrainAutoUpgrade/layer_Sand_Wavy_CSand_Wavy_N3d3aba195e4d26ee.terrainlayer
  artifactKey: Guid(8b6fe83f038ecf4478ae26d7bd0cbf22) Importer(815301076,1909f56bfc062723c751e8b465ee728b)
Start importing Assets/_TerrainAutoUpgrade/layer_Sand_Wavy_CSand_Wavy_N3d3aba195e4d26ee.terrainlayer using Guid(8b6fe83f038ecf4478ae26d7bd0cbf22) Importer(815301076,1909f56bfc062723c751e8b465ee728b)  -> (artifact id: '1048acbbd95d787620b2cde3dec17957') in 0.378798 seconds 
========================================================================
Received Import Request.
  Time since last request: 0.000069 seconds.
  path: Assets/_TerrainAutoUpgrade/layer_Sand_Rocky_CSand_Rocky_N3d3aba195e4d26ee.terrainlayer
  artifactKey: Guid(c47b1322c11003c469ca0f060869069b) Importer(815301076,1909f56bfc062723c751e8b465ee728b)
Start importing Assets/_TerrainAutoUpgrade/layer_Sand_Rocky_CSand_Rocky_N3d3aba195e4d26ee.terrainlayer using Guid(c47b1322c11003c469ca0f060869069b) Importer(815301076,1909f56bfc062723c751e8b465ee728b)  -> (artifact id: 'be56ded6d1c2b0ca464b1095c3614972') in 0.408938 seconds 
========================================================================
Received Import Request.
  Time since last request: 0.000051 seconds.
  path: Assets/_TerrainAutoUpgrade/layer_Sand_Flat_CSand_Flat_N3d3aba195e4d26ee.terrainlayer
  artifactKey: Guid(bc2653e2485529d4b83765b02ab5c786) Importer(815301076,1909f56bfc062723c751e8b465ee728b)
Start importing Assets/_TerrainAutoUpgrade/layer_Sand_Flat_CSand_Flat_N3d3aba195e4d26ee.terrainlayer using Guid(bc2653e2485529d4b83765b02ab5c786) Importer(815301076,1909f56bfc062723c751e8b465ee728b)  -> (artifact id: '1618c1a4b7f9c761308cdcc6225ffbe2') in 0.217022 seconds 
========================================================================
Received Import Request.
  Time since last request: 1.106428 seconds.
  path: Assets/ProjectSettings
  artifactKey: Guid(6c071c35c5c724c48b33910933ea6c94) Importer(815301076,1909f56bfc062723c751e8b465ee728b)
Start importing Assets/ProjectSettings using Guid(6c071c35c5c724c48b33910933ea6c94) Importer(815301076,1909f56bfc062723c751e8b465ee728b)  -> (artifact id: '545b8e80678b6ca130f9bf205a194936') in 0.063999 seconds 
========================================================================
Received Prepare
Registering precompiled user dll's ...
Registered in 0.012662 seconds.
Begin MonoManager ReloadAssembly
Native extension for WindowsStandalone target not found
Refreshing native plugins compatible for Editor in 5.95 ms, found 4 plugins.
Preloading 0 native plugins for Editor in 0.00 ms.
Mono: successfully reloaded assembly
- Completed reload, in  9.914 seconds
Domain Reload Profiling:
	ReloadAssembly (9936ms)
		BeginReloadAssembly (2293ms)
			ExecutionOrderSort (0ms)
			DisableScriptedObjects (361ms)
			BackupInstance (0ms)
			ReleaseScriptingObjects (1ms)
			CreateAndSetChildDomain (844ms)
		EndReloadAssembly (7200ms)
			LoadAssemblies (706ms)
			RebuildTransferFunctionScriptingTraits (0ms)
			SetupTypeCache (881ms)
			ReleaseScriptCaches (23ms)
			RebuildScriptCaches (156ms)
			SetupLoadedEditorAssemblies (5488ms)
				LogAssemblyErrors (0ms)
				InitializePlatformSupportModulesInManaged (51ms)
				SetLoadedEditorAssemblies (18ms)
				RefreshPlugins (6ms)
				BeforeProcessingInitializeOnLoad (202ms)
				ProcessInitializeOnLoadAttributes (4969ms)
				ProcessInitializeOnLoadMethodAttributes (213ms)
				AfterProcessingInitializeOnLoad (28ms)
				EditorAssembliesLoaded (0ms)
			ExecutionOrderSort2 (0ms)
			AwakeInstancesAfterBackupRestoration (21ms)
Platform modules already initialized, skipping
Refreshing native plugins compatible for Editor in 9.34 ms, found 4 plugins.
Preloading 0 native plugins for Editor in 0.00 ms.
Unloading 2341 Unused Serialized files (Serialized files now loaded: 0)
Unloading 65 unused Assets / (1.1 MB). Loaded Objects now: 2862.
Memory consumption went from 101.7 MB to 100.7 MB.
Total: 50.169900 ms (FindLiveObjects: 0.571600 ms CreateObjectMapping: 0.153500 ms MarkObjects: 48.199100 ms  DeleteObjects: 1.241700 ms)

AssetImportParameters requested are different than current active one (requested -> active):
  custom:video-decoder-ogg-theora: a1e56fd34408186e4bbccfd4996cb3dc -> 
  custom:container-muxer-webm: aa71ff27fc2769a1b78a27578f13a17b -> 
  custom:container-demuxer-webm: 4f35f7cbe854078d1ac9338744f61a02 -> 
  custom:video-encoder-webm-vp8: eb34c28f22e8b96e1ab97ce403110664 -> 
  custom:audio-encoder-webm-vorbis: bf7c407c2cedff20999df2af8eb42d56 -> 
  custom:framework-win-MediaFoundation: 216162199b28c13a410421893ffa2e32 -> 
  custom:graphics/etc-compressor: 01010204000000000000000000000000 -> 01020205000000000000000000000000
  custom:container-demuxer-ogg: 62fdf1f143b41e24485cea50d1cbac27 -> 
  custom:video-decoder-webm-vp8: 9c59270c3fd7afecdb556c50c9e8de78 -> 
  custom:audio-decoder-ogg-vorbis: bf7c407c2cedff20999df2af8eb42d56 -> 
========================================================================
Received Prepare
Registering precompiled user dll's ...
Registered in 0.022861 seconds.
Begin MonoManager ReloadAssembly
Native extension for WindowsStandalone target not found
Refreshing native plugins compatible for Editor in 10.01 ms, found 4 plugins.
Preloading 0 native plugins for Editor in 0.00 ms.
Mono: successfully reloaded assembly
- Completed reload, in  9.139 seconds
Domain Reload Profiling:
	ReloadAssembly (9141ms)
		BeginReloadAssembly (537ms)
			ExecutionOrderSort (0ms)
			DisableScriptedObjects (26ms)
			BackupInstance (0ms)
			ReleaseScriptingObjects (0ms)
			CreateAndSetChildDomain (154ms)
		EndReloadAssembly (8385ms)
			LoadAssemblies (499ms)
			RebuildTransferFunctionScriptingTraits (0ms)
			SetupTypeCache (999ms)
			ReleaseScriptCaches (2ms)
			RebuildScriptCaches (139ms)
			SetupLoadedEditorAssemblies (6585ms)
				LogAssemblyErrors (0ms)
				InitializePlatformSupportModulesInManaged (10ms)
				SetLoadedEditorAssemblies (2ms)
				RefreshPlugins (10ms)
				BeforeProcessingInitializeOnLoad (247ms)
				ProcessInitializeOnLoadAttributes (6005ms)
				ProcessInitializeOnLoadMethodAttributes (288ms)
				AfterProcessingInitializeOnLoad (21ms)
				EditorAssembliesLoaded (0ms)
			ExecutionOrderSort2 (0ms)
			AwakeInstancesAfterBackupRestoration (14ms)
Platform modules already initialized, skipping
Refreshing native plugins compatible for Editor in 9.42 ms, found 4 plugins.
Preloading 0 native plugins for Editor in 0.00 ms.
Unloading 2341 Unused Serialized files (Serialized files now loaded: 0)
Unloading 65 unused Assets / (1.1 MB). Loaded Objects now: 2865.
Memory consumption went from 101.7 MB to 100.7 MB.
Total: 18.110400 ms (FindLiveObjects: 0.629200 ms CreateObjectMapping: 0.187400 ms MarkObjects: 16.129900 ms  DeleteObjects: 1.161300 ms)

AssetImportParameters requested are different than current active one (requested -> active):
  custom:video-decoder-ogg-theora: a1e56fd34408186e4bbccfd4996cb3dc -> 
  custom:container-muxer-webm: aa71ff27fc2769a1b78a27578f13a17b -> 
  custom:container-demuxer-webm: 4f35f7cbe854078d1ac9338744f61a02 -> 
  custom:video-encoder-webm-vp8: eb34c28f22e8b96e1ab97ce403110664 -> 
  custom:audio-encoder-webm-vorbis: bf7c407c2cedff20999df2af8eb42d56 -> 
  custom:framework-win-MediaFoundation: 216162199b28c13a410421893ffa2e32 -> 
  custom:graphics/etc-compressor: 01010204000000000000000000000000 -> 01020205000000000000000000000000
  custom:container-demuxer-ogg: 62fdf1f143b41e24485cea50d1cbac27 -> 
  custom:video-decoder-webm-vp8: 9c59270c3fd7afecdb556c50c9e8de78 -> 
  custom:audio-decoder-ogg-vorbis: bf7c407c2cedff20999df2af8eb42d56 -> 
========================================================================
Received Import Request.
  Time since last request: 553.240898 seconds.
  path: Assets/scene.unity
  artifactKey: Guid(abfc35ee4ae839c45b57eaa3dd4961f7) Importer(2089858483,0ecaa5967403d082aa24f35e1b516d23)
Start importing Assets/scene.unity using Guid(abfc35ee4ae839c45b57eaa3dd4961f7) Importer(2089858483,0ecaa5967403d082aa24f35e1b516d23) Generated GUIDs only implemented for interfaces!
 -> (artifact id: '687d65779541054931695b2df161bb86') in 469.506805 seconds 
========================================================================
Received Prepare
Refreshing native plugins compatible for Editor in 3426.28 ms, found 4 plugins.
Preloading 0 native plugins for Editor in 0.00 ms.
Unloading 65 Unused Serialized files (Serialized files now loaded: 0)
Unloading 65 unused Assets / (1.1 MB). Loaded Objects now: 2865.
Memory consumption went from 56.0 MB to 54.9 MB.
Total: 12098.162400 ms (FindLiveObjects: 10.285800 ms CreateObjectMapping: 7.217500 ms MarkObjects: 12013.394500 ms  DeleteObjects: 67.190300 ms)

AssetImportParameters requested are different than current active one (requested -> active):
  custom:video-decoder-ogg-theora: a1e56fd34408186e4bbccfd4996cb3dc -> 
  custom:container-muxer-webm: aa71ff27fc2769a1b78a27578f13a17b -> 
  custom:container-demuxer-webm: 4f35f7cbe854078d1ac9338744f61a02 -> 
  custom:video-encoder-webm-vp8: eb34c28f22e8b96e1ab97ce403110664 -> 
  custom:audio-encoder-webm-vorbis: bf7c407c2cedff20999df2af8eb42d56 -> 
  custom:framework-win-MediaFoundation: 216162199b28c13a410421893ffa2e32 -> 
  custom:graphics/etc-compressor: 01010204000000000000000000000000 -> 01020205000000000000000000000000
  custom:SearchIndexIgnoredProperties: e643bd26f0fe6173181afceb89e7c659 -> 
  custom:container-demuxer-ogg: 62fdf1f143b41e24485cea50d1cbac27 -> 
  custom:video-decoder-webm-vp8: 9c59270c3fd7afecdb556c50c9e8de78 -> 
  custom:audio-decoder-ogg-vorbis: bf7c407c2cedff20999df2af8eb42d56 -> 
========================================================================
Received Import Request.
  Time since last request: 94.415222 seconds.
  path: Assets/Assets/Add Ons/Lens Flares/SunHalo.flare
  artifactKey: Guid(a376ea0863b4af2478d9650aba21c61f) Importer(2089858483,0ecaa5967403d082aa24f35e1b516d23)
Start importing Assets/Assets/Add Ons/Lens Flares/SunHalo.flare using Guid(a376ea0863b4af2478d9650aba21c61f) Importer(2089858483,0ecaa5967403d082aa24f35e1b516d23) Generated GUIDs only implemented for interfaces!
 -> (artifact id: 'aa3b8019e779b528eac743b835767013') in 9.628086 seconds 
========================================================================
Received Import Request.
  Time since last request: 0.000057 seconds.
  path: Assets/Assets/Skyboxes/DesertSky.mat
  artifactKey: Guid(f03729d1de4ba4844bb0d3d7765000ea) Importer(2089858483,0ecaa5967403d082aa24f35e1b516d23)
Start importing Assets/Assets/Skyboxes/DesertSky.mat using Guid(f03729d1de4ba4844bb0d3d7765000ea) Importer(2089858483,0ecaa5967403d082aa24f35e1b516d23) Generated GUIDs only implemented for interfaces!
 -> (artifact id: 'be708fb447e7f4e0795ae347281ced93') in 3.784470 seconds 
========================================================================
Received Import Request.
  Time since last request: 0.000060 seconds.
  path: Assets/Assets/Models/Rock_02.FBX
  artifactKey: Guid(ab7fb83e3c6d3404eb3e3c89f33ad150) Importer(2089858483,0ecaa5967403d082aa24f35e1b516d23)
Start importing Assets/Assets/Models/Rock_02.FBX using Guid(ab7fb83e3c6d3404eb3e3c89f33ad150) Importer(2089858483,0ecaa5967403d082aa24f35e1b516d23) Generated GUIDs only implemented for interfaces!
 -> (artifact id: '9a0529c5438faa6427a454e850612179') in 8.678565 seconds 
========================================================================
Received Import Request.
  Time since last request: 0.000055 seconds.
  path: Assets/Assets/Shaders/RockWithSand.shader
  artifactKey: Guid(dfab5a5ee9486784e86938f3296616e9) Importer(2089858483,0ecaa5967403d082aa24f35e1b516d23)
Start importing Assets/Assets/Shaders/RockWithSand.shader using Guid(dfab5a5ee9486784e86938f3296616e9) Importer(2089858483,0ecaa5967403d082aa24f35e1b516d23) Generated GUIDs only implemented for interfaces!
 -> (artifact id: '306bfef78fdddafd804dc253761126af') in 0.767980 seconds 
========================================================================
Received Import Request.
  Time since last request: 0.000050 seconds.
  path: Assets/Assets/Scripts/GameManager.cs
  artifactKey: Guid(939db11b621af3f44ae5622c35955317) Importer(2089858483,0ecaa5967403d082aa24f35e1b516d23)
Start importing Assets/Assets/Scripts/GameManager.cs using Guid(939db11b621af3f44ae5622c35955317) Importer(2089858483,0ecaa5967403d082aa24f35e1b516d23) Generated GUIDs only implemented for interfaces!
 -> (artifact id: '23ee444e64be23023d647d9ea72d86a4') in 0.639325 seconds 
========================================================================
Received Import Request.
  Time since last request: 0.000036 seconds.
  path: Assets/Assets/Animations/CountdownTextAnimation.anim
  artifactKey: Guid(1c291ef5dd4ad41af88aee5fd80fa02b) Importer(2089858483,0ecaa5967403d082aa24f35e1b516d23)
Start importing Assets/Assets/Animations/CountdownTextAnimation.anim using Guid(1c291ef5dd4ad41af88aee5fd80fa02b) Importer(2089858483,0ecaa5967403d082aa24f35e1b516d23) Generated GUIDs only implemented for interfaces!
 -> (artifact id: '50aa24cc91bfbc49c64c5fb74ec0f14f') in 0.799370 seconds 
========================================================================
Received Import Request.
  Time since last request: 0.000049 seconds.
  path: Assets/Assets/Models/Materials/MovingLight_Pickup_01.mat
  artifactKey: Guid(68a62241efe4c1a4493934a821ddb2c7) Importer(2089858483,0ecaa5967403d082aa24f35e1b516d23)
Start importing Assets/Assets/Models/Materials/MovingLight_Pickup_01.mat using Guid(68a62241efe4c1a4493934a821ddb2c7) Importer(2089858483,0ecaa5967403d082aa24f35e1b516d23) Generated GUIDs only implemented for interfaces!
 -> (artifact id: '071e6b6a1385203e9125893685756f2e') in 0.470335 seconds 
========================================================================
Received Import Request.
  Time since last request: 0.000045 seconds.
  path: Assets/Assets/Models/Flag.FBX
  artifactKey: Guid(881530a2be1742149a1891e7c3f7aa3e) Importer(2089858483,0ecaa5967403d082aa24f35e1b516d23)
Start importing Assets/Assets/Models/Flag.FBX using Guid(881530a2be1742149a1891e7c3f7aa3e) Importer(2089858483,0ecaa5967403d082aa24f35e1b516d23) Generated GUIDs only implemented for interfaces!
 -> (artifact id: 'aab9a7d9e0ea09021b5d5e846b241b68') in 0.596845 seconds 
========================================================================
Received Import Request.
  Time since last request: 0.000048 seconds.
  path: Assets/scene.unity
  artifactKey: Guid(abfc35ee4ae839c45b57eaa3dd4961f7) Importer(2089858483,0ecaa5967403d082aa24f35e1b516d23)
Start importing Assets/scene.unity using Guid(abfc35ee4ae839c45b57eaa3dd4961f7) Importer(2089858483,0ecaa5967403d082aa24f35e1b516d23) Generated GUIDs only implemented for interfaces!
 -> (artifact id: 'aeea81d9d0e761d99e2567a927cc1c35') in 0.195223 seconds 
========================================================================
Received Import Request.
  Time since last request: 0.000039 seconds.
  path: Assets/Assets/license.txt
  artifactKey: Guid(f90fb1a84b822d84ca5c91d3f071a79a) Importer(2089858483,0ecaa5967403d082aa24f35e1b516d23)
Start importing Assets/Assets/license.txt using Guid(f90fb1a84b822d84ca5c91d3f071a79a) Importer(2089858483,0ecaa5967403d082aa24f35e1b516d23) Generated GUIDs only implemented for interfaces!
 -> (artifact id: '5f95e3165aa76adcc87d7c7b1cac13d4') in 2.146387 seconds 
========================================================================
Received Import Request.
  Time since last request: 0.000050 seconds.
  path: Assets/Assets/Models/Materials/NeonBlue.mat
  artifactKey: Guid(0af7882b243d8af4eaaa3a425c287cc1) Importer(2089858483,0ecaa5967403d082aa24f35e1b516d23)
Start importing Assets/Assets/Models/Materials/NeonBlue.mat using Guid(0af7882b243d8af4eaaa3a425c287cc1) Importer(2089858483,0ecaa5967403d082aa24f35e1b516d23) Generated GUIDs only implemented for interfaces!
 -> (artifact id: 'd586c1f9ced7b204ad01f9348be1dc15') in 2.534620 seconds 
========================================================================
Received Prepare
Registering precompiled user dll's ...
Registered in 0.058807 seconds.
Begin MonoManager ReloadAssembly
Native extension for WindowsStandalone target not found
Refreshing native plugins compatible for Editor in 1.90 ms, found 4 plugins.
Preloading 0 native plugins for Editor in 0.00 ms.
Mono: successfully reloaded assembly
- Completed reload, in 22.002 seconds
Domain Reload Profiling:
	ReloadAssembly (22049ms)
		BeginReloadAssembly (5793ms)
			ExecutionOrderSort (0ms)
			DisableScriptedObjects (325ms)
			BackupInstance (0ms)
			ReleaseScriptingObjects (0ms)
			CreateAndSetChildDomain (4059ms)
		EndReloadAssembly (15679ms)
			LoadAssemblies (1147ms)
			RebuildTransferFunctionScriptingTraits (0ms)
			SetupTypeCache (1789ms)
			ReleaseScriptCaches (5ms)
			RebuildScriptCaches (177ms)
			SetupLoadedEditorAssemblies (12895ms)
				LogAssemblyErrors (0ms)
				InitializePlatformSupportModulesInManaged (36ms)
				SetLoadedEditorAssemblies (33ms)
				RefreshPlugins (2ms)
				BeforeProcessingInitializeOnLoad (258ms)
				ProcessInitializeOnLoadAttributes (11903ms)
				ProcessInitializeOnLoadMethodAttributes (615ms)
				AfterProcessingInitializeOnLoad (41ms)
				EditorAssembliesLoaded (8ms)
			ExecutionOrderSort2 (0ms)
			AwakeInstancesAfterBackupRestoration (51ms)
Platform modules already initialized, skipping
Refreshing native plugins compatible for Editor in 9.38 ms, found 4 plugins.
Preloading 0 native plugins for Editor in 0.00 ms.
Unloading 2341 Unused Serialized files (Serialized files now loaded: 0)
Unloading 65 unused Assets / (1.1 MB). Loaded Objects now: 2868.
Memory consumption went from 101.8 MB to 100.7 MB.
Total: 34.603700 ms (FindLiveObjects: 0.533400 ms CreateObjectMapping: 0.280100 ms MarkObjects: 33.005700 ms  DeleteObjects: 0.782300 ms)

AssetImportParameters requested are different than current active one (requested -> active):
  custom:video-decoder-ogg-theora: a1e56fd34408186e4bbccfd4996cb3dc -> 
  custom:container-muxer-webm: aa71ff27fc2769a1b78a27578f13a17b -> 
  custom:container-demuxer-webm: 4f35f7cbe854078d1ac9338744f61a02 -> 
  custom:video-encoder-webm-vp8: eb34c28f22e8b96e1ab97ce403110664 -> 
  custom:audio-encoder-webm-vorbis: bf7c407c2cedff20999df2af8eb42d56 -> 
  custom:framework-win-MediaFoundation: 216162199b28c13a410421893ffa2e32 -> 
  custom:graphics/etc-compressor: 01010204000000000000000000000000 -> 01020205000000000000000000000000
  custom:SearchIndexIgnoredProperties: e643bd26f0fe6173181afceb89e7c659 -> 
  custom:container-demuxer-ogg: 62fdf1f143b41e24485cea50d1cbac27 -> 
  custom:video-decoder-webm-vp8: 9c59270c3fd7afecdb556c50c9e8de78 -> 
  custom:audio-decoder-ogg-vorbis: bf7c407c2cedff20999df2af8eb42d56 -> 
========================================================================
Received Import Request.
  Time since last request: 3161.467656 seconds.
  path: Assets/Resources
  artifactKey: Guid(db69c4e47ab789b429faa2f1407f991a) Importer(815301076,1909f56bfc062723c751e8b465ee728b)
Start importing Assets/Resources using Guid(db69c4e47ab789b429faa2f1407f991a) Importer(815301076,1909f56bfc062723c751e8b465ee728b)  -> (artifact id: '0b105a4a641e8e84f74cbaa3909af360') in 0.178500 seconds 
========================================================================
Received Import Request.
  Time since last request: 3.718693 seconds.
  path: Assets/scene_Profiles
  artifactKey: Guid(250b7ccbfb8280940becea6101917505) Importer(815301076,1909f56bfc062723c751e8b465ee728b)
Start importing Assets/scene_Profiles using Guid(250b7ccbfb8280940becea6101917505) Importer(815301076,1909f56bfc062723c751e8b465ee728b)  -> (artifact id: 'c9d96f2f9f9396a310b585efc5e8f1a4') in 0.106049 seconds 
========================================================================
Received Import Request.
  Time since last request: 0.000055 seconds.
  path: Assets/scene_Profiles/Global Profile.asset
  artifactKey: Guid(4408c01cf4c1d784ea5ef9dc4be30752) Importer(815301076,1909f56bfc062723c751e8b465ee728b)
Start importing Assets/scene_Profiles/Global Profile.asset using Guid(4408c01cf4c1d784ea5ef9dc4be30752) Importer(815301076,1909f56bfc062723c751e8b465ee728b)  -> (artifact id: '66ac28846d46ad557cf0de94c4f6cec2') in 1.023964 seconds 
========================================================================
Received Import Request.
  Time since last request: 0.000049 seconds.
  path: Assets/scene_Profiles/Small Cave Volume Profile.asset
  artifactKey: Guid(0fdbae403be8f8149ad323e3895ae994) Importer(815301076,1909f56bfc062723c751e8b465ee728b)
Start importing Assets/scene_Profiles/Small Cave Volume Profile.asset using Guid(0fdbae403be8f8149ad323e3895ae994) Importer(815301076,1909f56bfc062723c751e8b465ee728b)  -> (artifact id: '88658c4df22957b123e11ab5025c8c1b') in 0.080062 seconds 
========================================================================
Received Import Request.
  Time since last request: 4.917011 seconds.
  path: Assets/Assets
  artifactKey: Guid(70c2cfd217460664d815d9600d5b8242) Importer(815301076,1909f56bfc062723c751e8b465ee728b)
Start importing Assets/Assets using Guid(70c2cfd217460664d815d9600d5b8242) Importer(815301076,1909f56bfc062723c751e8b465ee728b)  -> (artifact id: '3b63867ad566dff594630dbcebe0ef68') in 0.073529 seconds 
========================================================================
Received Import Request.
  Time since last request: 2.996272 seconds.
  path: Assets/Assets/Fonts
  artifactKey: Guid(adaa48fb7717349fdaf62ca57d66d832) Importer(815301076,1909f56bfc062723c751e8b465ee728b)
Start importing Assets/Assets/Fonts using Guid(adaa48fb7717349fdaf62ca57d66d832) Importer(815301076,1909f56bfc062723c751e8b465ee728b)  -> (artifact id: '39a4681496df75cbc0c4cfbe7f6b6096') in 0.030472 seconds 
========================================================================
Received Import Request.
  Time since last request: 0.017372 seconds.
  path: Assets/Assets/Fonts/WUN-ScreenUI-SDF.asset
  artifactKey: Guid(599bef11e42724bc7866498e74732038) Importer(815301076,1909f56bfc062723c751e8b465ee728b)
Start importing Assets/Assets/Fonts/WUN-ScreenUI-SDF.asset using Guid(599bef11e42724bc7866498e74732038) Importer(815301076,1909f56bfc062723c751e8b465ee728b)  -> (artifact id: 'ff593b7233d4b7223472c2ed1312ff1b') in 2.883503 seconds 
========================================================================
Received Import Request.
  Time since last request: 0.000047 seconds.
  path: Assets/Assets/Fonts/WUN.ttf
  artifactKey: Guid(622664d477b9b477ca07eb1939cd326c) Importer(815301076,1909f56bfc062723c751e8b465ee728b)
Start importing Assets/Assets/Fonts/WUN.ttf using Guid(622664d477b9b477ca07eb1939cd326c) Importer(815301076,1909f56bfc062723c751e8b465ee728b)  -> (artifact id: 'f5a8a9a5b857837415453b94f0f2f8e2') in 0.324810 seconds 
========================================================================
Received Import Request.
  Time since last request: 0.000070 seconds.
  path: Assets/Assets/Fonts/WUN-ShipUI-SDF.asset
  artifactKey: Guid(d1c50f5b5952c4023ad24ddd60b8e761) Importer(815301076,1909f56bfc062723c751e8b465ee728b)
Start importing Assets/Assets/Fonts/WUN-ShipUI-SDF.asset using Guid(d1c50f5b5952c4023ad24ddd60b8e761) Importer(815301076,1909f56bfc062723c751e8b465ee728b)  -> (artifact id: 'c684ac37f5533b64721472e7c215dbbd') in 0.319257 seconds 
========================================================================
Received Import Request.
  Time since last request: 0.588128 seconds.
  path: Assets/Assets/Animations
  artifactKey: Guid(6558dfae2a497c346be49ff053b1cfc9) Importer(815301076,1909f56bfc062723c751e8b465ee728b)
Start importing Assets/Assets/Animations using Guid(6558dfae2a497c346be49ff053b1cfc9) Importer(815301076,1909f56bfc062723c751e8b465ee728b)  -> (artifact id: 'c892b8b284ea3bd0747643d28d61e363') in 0.030674 seconds 
========================================================================
Received Import Request.
  Time since last request: 2.997706 seconds.
  path: Assets/Assets/Add Ons
  artifactKey: Guid(a6bd9581ba9ee734f91a4fed8573ce99) Importer(815301076,1909f56bfc062723c751e8b465ee728b)
Start importing Assets/Assets/Add Ons using Guid(a6bd9581ba9ee734f91a4fed8573ce99) Importer(815301076,1909f56bfc062723c751e8b465ee728b)  -> (artifact id: '8d67cbe1bc32313b4631f69403b3cad9') in 0.037253 seconds 
========================================================================
Received Import Request.
  Time since last request: 3.581809 seconds.
  path: Assets/Assets/VFX
  artifactKey: Guid(bda894fc991230449adf9111774b9d91) Importer(815301076,1909f56bfc062723c751e8b465ee728b)
Start importing Assets/Assets/VFX using Guid(bda894fc991230449adf9111774b9d91) Importer(815301076,1909f56bfc062723c751e8b465ee728b)  -> (artifact id: 'ced765de877a160a5b8540ed88a701aa') in 0.039088 seconds 
========================================================================
Received Import Request.
  Time since last request: 4.910628 seconds.
  path: Assets/Assets/Skyboxes
  artifactKey: Guid(2ac51bcc8a096b849b490b22c49de95d) Importer(815301076,1909f56bfc062723c751e8b465ee728b)
Start importing Assets/Assets/Skyboxes using Guid(2ac51bcc8a096b849b490b22c49de95d) Importer(815301076,1909f56bfc062723c751e8b465ee728b)  -> (artifact id: 'c6a9a247ca46174e465d621bc4b1f74a') in 0.038945 seconds 
========================================================================
Received Import Request.
  Time since last request: 0.000032 seconds.
  path: Assets/Assets/Skyboxes/DesertSky.mat
  artifactKey: Guid(f03729d1de4ba4844bb0d3d7765000ea) Importer(815301076,1909f56bfc062723c751e8b465ee728b)
Start importing Assets/Assets/Skyboxes/DesertSky.mat using Guid(f03729d1de4ba4844bb0d3d7765000ea) Importer(815301076,1909f56bfc062723c751e8b465ee728b)  -> (artifact id: 'e01d1a5e8b827c03237186559a12202d') in 0.628155 seconds 
========================================================================
Received Import Request.
  Time since last request: 5.287090 seconds.
  path: Assets/Assets/Shaders
  artifactKey: Guid(e36d94bcae21728449649537f548af0c) Importer(815301076,1909f56bfc062723c751e8b465ee728b)
Start importing Assets/Assets/Shaders using Guid(e36d94bcae21728449649537f548af0c) Importer(815301076,1909f56bfc062723c751e8b465ee728b)  -> (artifact id: 'a48cd44aeea04978e2fbade27e6c886b') in 0.026920 seconds 
========================================================================
Received Import Request.
  Time since last request: 13.432447 seconds.
  path: Assets/Assets/Scripts
  artifactKey: Guid(c381e3f1cb0269c4c89dd25ec8fdda5a) Importer(815301076,1909f56bfc062723c751e8b465ee728b)
Start importing Assets/Assets/Scripts using Guid(c381e3f1cb0269c4c89dd25ec8fdda5a) Importer(815301076,1909f56bfc062723c751e8b465ee728b)  -> (artifact id: 'd4b6a8dcccf29b584bd75c7ac050331b') in 0.023505 seconds 
========================================================================
Received Import Request.
  Time since last request: 4.663581 seconds.
  path: Assets/Assets/Scripts/CustomPlayables
  artifactKey: Guid(ed970e17354e144b5aa69207691d1ee6) Importer(815301076,1909f56bfc062723c751e8b465ee728b)
Start importing Assets/Assets/Scripts/CustomPlayables using Guid(ed970e17354e144b5aa69207691d1ee6) Importer(815301076,1909f56bfc062723c751e8b465ee728b)  -> (artifact id: '2c32f46f0379e1e62ee0735040e61f8a') in 0.068745 seconds 
========================================================================
Received Import Request.
  Time since last request: 1.105045 seconds.
  path: Assets/Assets/Scripts/CustomPlayables/TMPTextSwitcher
  artifactKey: Guid(6816c61c20c17477ea28cf3ebeab0a52) Importer(815301076,1909f56bfc062723c751e8b465ee728b)
Start importing Assets/Assets/Scripts/CustomPlayables/TMPTextSwitcher using Guid(6816c61c20c17477ea28cf3ebeab0a52) Importer(815301076,1909f56bfc062723c751e8b465ee728b)  -> (artifact id: 'b8e7da45d83f3d2cddff011cc77c59bc') in 0.092825 seconds 
========================================================================
Received Import Request.
  Time since last request: 14.035297 seconds.
  path: Assets/Assets/Scripts/CustomPlayables/TMPTextSwitcher/TMPTextSwitcherClip.cs
  artifactKey: Guid(d7d73a936c6134581865dde7aac74cb9) Importer(815301076,1909f56bfc062723c751e8b465ee728b)
Start importing Assets/Assets/Scripts/CustomPlayables/TMPTextSwitcher/TMPTextSwitcherClip.cs using Guid(d7d73a936c6134581865dde7aac74cb9) Importer(815301076,1909f56bfc062723c751e8b465ee728b)  -> (artifact id: '848d6acfb9f181e3e9ea24515df8770b') in 0.054571 seconds 
========================================================================
Received Import Request.
  Time since last request: 61.226346 seconds.
  path: Assets/Assets/Add Ons/TextMesh Pro/Gizmos/TMP - Dropdown Icon.psd
  artifactKey: Guid(55f8e7db943fe154ea3b3289fc82f8fa) Importer(815301076,1909f56bfc062723c751e8b465ee728b)
Start importing Assets/Assets/Add Ons/TextMesh Pro/Gizmos/TMP - Dropdown Icon.psd using Guid(55f8e7db943fe154ea3b3289fc82f8fa) Importer(815301076,1909f56bfc062723c751e8b465ee728b)  -> (artifact id: 'd61d76da41cd022be85dffbd6fc4edd2') in 0.806254 seconds 
========================================================================
Received Import Request.
  Time since last request: 0.000053 seconds.
  path: Assets/Assets/Add Ons/TextMesh Pro/Resources/Style Sheets/TMP Default Style Sheet.asset
  artifactKey: Guid(54d1085f9a2fdea4587fcfc7dddcd4bc) Importer(815301076,1909f56bfc062723c751e8b465ee728b)
Start importing Assets/Assets/Add Ons/TextMesh Pro/Resources/Style Sheets/TMP Default Style Sheet.asset using Guid(54d1085f9a2fdea4587fcfc7dddcd4bc) Importer(815301076,1909f56bfc062723c751e8b465ee728b)  -> (artifact id: 'a0c31e2604195e7f48fecbd1e0d74274') in 0.039811 seconds 
========================================================================
Received Import Request.
  Time since last request: 0.000048 seconds.
  path: Assets/Assets/Add Ons/TextMesh Pro/Resources/TMP Settings.asset
  artifactKey: Guid(69ed5bac41eebaa4c97e9d2a4168c54f) Importer(815301076,1909f56bfc062723c751e8b465ee728b)
Start importing Assets/Assets/Add Ons/TextMesh Pro/Resources/TMP Settings.asset using Guid(69ed5bac41eebaa4c97e9d2a4168c54f) Importer(815301076,1909f56bfc062723c751e8b465ee728b)  -> (artifact id: '0b63f96b689dcbad3f7a8fba1594f64d') in 0.525546 seconds 
========================================================================
Received Import Request.
  Time since last request: 0.000041 seconds.
  path: Assets/Assets/Add Ons/TextMesh Pro/Gizmos/TMP - Text Component Icon.psd
  artifactKey: Guid(8e098d8d28c5182419f7a1c8b91ca722) Importer(815301076,1909f56bfc062723c751e8b465ee728b)
Start importing Assets/Assets/Add Ons/TextMesh Pro/Gizmos/TMP - Text Component Icon.psd using Guid(8e098d8d28c5182419f7a1c8b91ca722) Importer(815301076,1909f56bfc062723c751e8b465ee728b)  -> (artifact id: '983dac8f267d09ed635bbbb342552e8b') in 0.092117 seconds 
========================================================================
Received Import Request.
  Time since last request: 0.000057 seconds.
  path: Assets/Assets/Add Ons/TextMesh Pro/Gizmos/TMP - Input Field Icon.psd
  artifactKey: Guid(b0033ea3f5cebf942a8f9a11d98a0944) Importer(815301076,1909f56bfc062723c751e8b465ee728b)
Start importing Assets/Assets/Add Ons/TextMesh Pro/Gizmos/TMP - Input Field Icon.psd using Guid(b0033ea3f5cebf942a8f9a11d98a0944) Importer(815301076,1909f56bfc062723c751e8b465ee728b)  -> (artifact id: '5609b4ce14715aa59f4bf482d61911a6') in 0.103890 seconds 
========================================================================
Received Import Request.
  Time since last request: 0.000050 seconds.
  path: Assets/Assets/Add Ons/TextMesh Pro/Gizmos/TMP - Font Asset Icon.psd
  artifactKey: Guid(7b024bd8880037b4bb6bcd92fa3620e4) Importer(815301076,1909f56bfc062723c751e8b465ee728b)
Start importing Assets/Assets/Add Ons/TextMesh Pro/Gizmos/TMP - Font Asset Icon.psd using Guid(7b024bd8880037b4bb6bcd92fa3620e4) Importer(815301076,1909f56bfc062723c751e8b465ee728b)  -> (artifact id: 'e1cc3a300643fdce1bff75e53ed914cc') in 0.112237 seconds 
========================================================================
Received Import Request.
  Time since last request: 0.937684 seconds.
  path: Assets/Assets/Add Ons/TextMesh Pro/Resources/Shaders/TMPro.cginc
  artifactKey: Guid(438defe6a2827704f90bdf852732bc11) Importer(815301076,1909f56bfc062723c751e8b465ee728b)
Start importing Assets/Assets/Add Ons/TextMesh Pro/Resources/Shaders/TMPro.cginc using Guid(438defe6a2827704f90bdf852732bc11) Importer(815301076,1909f56bfc062723c751e8b465ee728b)  -> (artifact id: 'b1b7c96e160bbf00552dc60803e50967') in 0.161230 seconds 
========================================================================
Received Import Request.
  Time since last request: 0.000043 seconds.
  path: Assets/Assets/Add Ons/TextMesh Pro/GUISkins/TMPro_DarkSkin.guiskin
  artifactKey: Guid(eea6ec55e77d406479dac17d76595b27) Importer(815301076,1909f56bfc062723c751e8b465ee728b)
Start importing Assets/Assets/Add Ons/TextMesh Pro/GUISkins/TMPro_DarkSkin.guiskin using Guid(eea6ec55e77d406479dac17d76595b27) Importer(815301076,1909f56bfc062723c751e8b465ee728b)  -> (artifact id: '6e64410cf25c4cad5011a32f646ce7fa') in 0.189291 seconds 
========================================================================
Received Import Request.
  Time since last request: 0.000515 seconds.
  path: Assets/Assets/Add Ons/TextMesh Pro/GUISkins/TMPro_LightSkin.guiskin
  artifactKey: Guid(6c695beab55cb6448ad18f8bf064c2e1) Importer(815301076,1909f56bfc062723c751e8b465ee728b)
Start importing Assets/Assets/Add Ons/TextMesh Pro/GUISkins/TMPro_LightSkin.guiskin using Guid(6c695beab55cb6448ad18f8bf064c2e1) Importer(815301076,1909f56bfc062723c751e8b465ee728b)  -> (artifact id: 'ffc1d19bc8c0059d997c057bc4c1573a') in 0.094089 seconds 
========================================================================
Received Import Request.
  Time since last request: 0.000031 seconds.
  path: Assets/Assets/Add Ons/TextMesh Pro/Resources/Shaders/TMPro_Surface.cginc
  artifactKey: Guid(d37b1512245a86f4fa830a2e6488a787) Importer(815301076,1909f56bfc062723c751e8b465ee728b)
Start importing Assets/Assets/Add Ons/TextMesh Pro/Resources/Shaders/TMPro_Surface.cginc using Guid(d37b1512245a86f4fa830a2e6488a787) Importer(815301076,1909f56bfc062723c751e8b465ee728b)  -> (artifact id: '0469d433878136398adde92f83e793ed') in 0.097716 seconds 
========================================================================
Received Import Request.
  Time since last request: 0.000039 seconds.
  path: Assets/Assets/Add Ons/TextMesh Pro/Resources/Shaders/TMPro_Properties.cginc
  artifactKey: Guid(bc2d34f37efcbdf429ed46cb34aa2ad5) Importer(815301076,1909f56bfc062723c751e8b465ee728b)
Start importing Assets/Assets/Add Ons/TextMesh Pro/Resources/Shaders/TMPro_Properties.cginc using Guid(bc2d34f37efcbdf429ed46cb34aa2ad5) Importer(815301076,1909f56bfc062723c751e8b465ee728b)  -> (artifact id: '61060a9cb0bad96f645c77702198eba3') in 0.037448 seconds 
========================================================================
Received Import Request.
  Time since last request: 8.582723 seconds.
  path: Assets/Assets/Scripts/CustomPlayables/TMPTextSwitcher/Editor/TMPTextSwitcherDrawer.cs
  artifactKey: Guid(6af734eba6edf4b60919d11501054fc6) Importer(815301076,1909f56bfc062723c751e8b465ee728b)
Start importing Assets/Assets/Scripts/CustomPlayables/TMPTextSwitcher/Editor/TMPTextSwitcherDrawer.cs using Guid(6af734eba6edf4b60919d11501054fc6) Importer(815301076,1909f56bfc062723c751e8b465ee728b)  -> (artifact id: '94a56267b61e04a5d16b5cd4b1405220') in 0.013733 seconds 
========================================================================
Received Import Request.
  Time since last request: 2.507103 seconds.
  path: Assets/Assets/Add Ons/TextMesh Pro/Examples/Scripts/TMP_TextSelector_B.cs
  artifactKey: Guid(f499ff45b9a3d0840a0df48d01b2877b) Importer(815301076,1909f56bfc062723c751e8b465ee728b)
Start importing Assets/Assets/Add Ons/TextMesh Pro/Examples/Scripts/TMP_TextSelector_B.cs using Guid(f499ff45b9a3d0840a0df48d01b2877b) Importer(815301076,1909f56bfc062723c751e8b465ee728b)  -> (artifact id: '180dd715cbae31c719a3f1d5534e6c4b') in 0.018596 seconds 
========================================================================
Received Import Request.
  Time since last request: 2.989646 seconds.
  path: Assets/Assets/Scripts/CustomPlayables/TMPTextSwitcher/TMPTextSwitcherTrack.cs
  artifactKey: Guid(0c07d8dafebed447f8a99d71104b3d98) Importer(815301076,1909f56bfc062723c751e8b465ee728b)
Start importing Assets/Assets/Scripts/CustomPlayables/TMPTextSwitcher/TMPTextSwitcherTrack.cs using Guid(0c07d8dafebed447f8a99d71104b3d98) Importer(815301076,1909f56bfc062723c751e8b465ee728b)  -> (artifact id: 'f8d5e529bccb91b3aae7d0571d3910a3') in 0.046577 seconds 
========================================================================
Received Import Request.
  Time since last request: 68.232316 seconds.
  path: Assets/Assets/Add Ons/TextMesh Pro/Examples/Scripts/TMP_TextEventCheck.cs
  artifactKey: Guid(ba181bda76b7f6047ba2188e94bf0894) Importer(815301076,1909f56bfc062723c751e8b465ee728b)
Start importing Assets/Assets/Add Ons/TextMesh Pro/Examples/Scripts/TMP_TextEventCheck.cs using Guid(ba181bda76b7f6047ba2188e94bf0894) Importer(815301076,1909f56bfc062723c751e8b465ee728b)  -> (artifact id: 'b69d9ac36d4597b63b51e3606aacf69b') in 0.017233 seconds 
========================================================================
Received Import Request.
  Time since last request: 35.781241 seconds.
  path: Assets/Assets/Add Ons/TextMesh Pro/Examples/Scripts/TMP_FrameRateCounter.cs
  artifactKey: Guid(c0357609254b68d4881cab18f04dd4dc) Importer(815301076,1909f56bfc062723c751e8b465ee728b)
Start importing Assets/Assets/Add Ons/TextMesh Pro/Examples/Scripts/TMP_FrameRateCounter.cs using Guid(c0357609254b68d4881cab18f04dd4dc) Importer(815301076,1909f56bfc062723c751e8b465ee728b)  -> (artifact id: 'b0c907b9f7ef760f7a4984581e188d86') in 0.025948 seconds 
========================================================================
Received Prepare
Registering precompiled user dll's ...
Registered in 0.015793 seconds.
Begin MonoManager ReloadAssembly
Native extension for WindowsStandalone target not found
Refreshing native plugins compatible for Editor in 1.69 ms, found 4 plugins.
Preloading 0 native plugins for Editor in 0.00 ms.
Mono: successfully reloaded assembly
- Completed reload, in 13.126 seconds
Domain Reload Profiling:
	ReloadAssembly (13135ms)
		BeginReloadAssembly (927ms)
			ExecutionOrderSort (0ms)
			DisableScriptedObjects (50ms)
			BackupInstance (0ms)
			ReleaseScriptingObjects (0ms)
			CreateAndSetChildDomain (401ms)
		EndReloadAssembly (11879ms)
			LoadAssemblies (457ms)
			RebuildTransferFunctionScriptingTraits (0ms)
			SetupTypeCache (981ms)
			ReleaseScriptCaches (3ms)
			RebuildScriptCaches (153ms)
			SetupLoadedEditorAssemblies (10017ms)
				LogAssemblyErrors (0ms)
				InitializePlatformSupportModulesInManaged (20ms)
				SetLoadedEditorAssemblies (1ms)
				RefreshPlugins (2ms)
				BeforeProcessingInitializeOnLoad (230ms)
				ProcessInitializeOnLoadAttributes (9138ms)
				ProcessInitializeOnLoadMethodAttributes (556ms)
				AfterProcessingInitializeOnLoad (63ms)
				EditorAssembliesLoaded (6ms)
			ExecutionOrderSort2 (0ms)
			AwakeInstancesAfterBackupRestoration (64ms)
Platform modules already initialized, skipping
Refreshing native plugins compatible for Editor in 9.94 ms, found 4 plugins.
Preloading 0 native plugins for Editor in 0.00 ms.
Unloading 2341 Unused Serialized files (Serialized files now loaded: 0)
Unloading 65 unused Assets / (1.1 MB). Loaded Objects now: 2915.
Memory consumption went from 102.4 MB to 101.3 MB.
Total: 36.234800 ms (FindLiveObjects: 0.527700 ms CreateObjectMapping: 0.159100 ms MarkObjects: 34.689800 ms  DeleteObjects: 0.855700 ms)

AssetImportParameters requested are different than current active one (requested -> active):
  custom:video-decoder-ogg-theora: a1e56fd34408186e4bbccfd4996cb3dc -> 
  custom:container-muxer-webm: aa71ff27fc2769a1b78a27578f13a17b -> 
  custom:container-demuxer-webm: 4f35f7cbe854078d1ac9338744f61a02 -> 
  custom:video-encoder-webm-vp8: eb34c28f22e8b96e1ab97ce403110664 -> 
  custom:audio-encoder-webm-vorbis: bf7c407c2cedff20999df2af8eb42d56 -> 
  custom:framework-win-MediaFoundation: 216162199b28c13a410421893ffa2e32 -> 
  custom:graphics/etc-compressor: 01010204000000000000000000000000 -> 01020205000000000000000000000000
  custom:SearchIndexIgnoredProperties: e643bd26f0fe6173181afceb89e7c659 -> 
  custom:container-demuxer-ogg: 62fdf1f143b41e24485cea50d1cbac27 -> 
  custom:video-decoder-webm-vp8: 9c59270c3fd7afecdb556c50c9e8de78 -> 
  custom:audio-decoder-ogg-vorbis: bf7c407c2cedff20999df2af8eb42d56 -> 
========================================================================
Received Import Request.
  Time since last request: 105.384232 seconds.
  path: Assets/Assets/Add Ons/TextMesh Pro/Examples/Scripts/TMP_ExampleScript_01.cs
  artifactKey: Guid(36bafabb5572c6347923b971425ab3be) Importer(815301076,1909f56bfc062723c751e8b465ee728b)
Start importing Assets/Assets/Add Ons/TextMesh Pro/Examples/Scripts/TMP_ExampleScript_01.cs using Guid(36bafabb5572c6347923b971425ab3be) Importer(815301076,1909f56bfc062723c751e8b465ee728b)  -> (artifact id: '22e30f3851e0203c246187054df81bd7') in 0.020421 seconds 
========================================================================
Received Import Request.
  Time since last request: 109.546242 seconds.
  path: Assets/Assets/Add Ons/TextMesh Pro/Fonts/Anton.ttf
  artifactKey: Guid(323ac1ea6ff04144f9f5b613bfbc5597) Importer(815301076,1909f56bfc062723c751e8b465ee728b)
Start importing Assets/Assets/Add Ons/TextMesh Pro/Fonts/Anton.ttf using Guid(323ac1ea6ff04144f9f5b613bfbc5597) Importer(815301076,1909f56bfc062723c751e8b465ee728b)  -> (artifact id: '1cf02b79b352d12cd07812342500a7bf') in 0.357509 seconds 
========================================================================
Received Import Request.
  Time since last request: 0.000070 seconds.
  path: Assets/Assets/Add Ons/TextMesh Pro/Fonts/Oswald-Bold.ttf
  artifactKey: Guid(a30f933bed2f6504bae572c0ef6aaeb7) Importer(815301076,1909f56bfc062723c751e8b465ee728b)
Start importing Assets/Assets/Add Ons/TextMesh Pro/Fonts/Oswald-Bold.ttf using Guid(a30f933bed2f6504bae572c0ef6aaeb7) Importer(815301076,1909f56bfc062723c751e8b465ee728b)  -> (artifact id: '3a3618e31fb572e3aec8edd3fb1c1d9d') in 0.117964 seconds 
========================================================================
Received Import Request.
  Time since last request: 0.000470 seconds.
  path: Assets/Assets/Add Ons/TextMesh Pro/Fonts/Bangers.ttf
  artifactKey: Guid(687dcec43b2f746efa5a1ceaf3ba0276) Importer(815301076,1909f56bfc062723c751e8b465ee728b)
Start importing Assets/Assets/Add Ons/TextMesh Pro/Fonts/Bangers.ttf using Guid(687dcec43b2f746efa5a1ceaf3ba0276) Importer(815301076,1909f56bfc062723c751e8b465ee728b)  -> (artifact id: '59e528256a2f024beaf5c65a0211554b') in 0.102527 seconds 
========================================================================
Received Import Request.
  Time since last request: 0.000324 seconds.
  path: Assets/Assets/Add Ons/TextMesh Pro/Fonts/LiberationSans.ttf
  artifactKey: Guid(02b8041c6ddcee3428810c7e7a438e0e) Importer(815301076,1909f56bfc062723c751e8b465ee728b)
Start importing Assets/Assets/Add Ons/TextMesh Pro/Fonts/LiberationSans.ttf using Guid(02b8041c6ddcee3428810c7e7a438e0e) Importer(815301076,1909f56bfc062723c751e8b465ee728b)  -> (artifact id: '316d3777e8fd7035e60bc1df2a0a15cb') in 0.133923 seconds 
========================================================================
Received Prepare
Registering precompiled user dll's ...
Registered in 0.014859 seconds.
Begin MonoManager ReloadAssembly
Native extension for WindowsStandalone target not found
Refreshing native plugins compatible for Editor in 1.45 ms, found 4 plugins.
Preloading 0 native plugins for Editor in 0.00 ms.
Mono: successfully reloaded assembly
- Completed reload, in  7.844 seconds
Domain Reload Profiling:
	ReloadAssembly (7845ms)
		BeginReloadAssembly (655ms)
			ExecutionOrderSort (0ms)
			DisableScriptedObjects (13ms)
			BackupInstance (0ms)
			ReleaseScriptingObjects (0ms)
			CreateAndSetChildDomain (190ms)
		EndReloadAssembly (6682ms)
			LoadAssemblies (469ms)
			RebuildTransferFunctionScriptingTraits (0ms)
			SetupTypeCache (528ms)
			ReleaseScriptCaches (8ms)
			RebuildScriptCaches (104ms)
			SetupLoadedEditorAssemblies (5613ms)
				LogAssemblyErrors (0ms)
				InitializePlatformSupportModulesInManaged (18ms)
				SetLoadedEditorAssemblies (1ms)
				RefreshPlugins (2ms)
				BeforeProcessingInitializeOnLoad (199ms)
				ProcessInitializeOnLoadAttributes (4474ms)
				ProcessInitializeOnLoadMethodAttributes (710ms)
				AfterProcessingInitializeOnLoad (209ms)
				EditorAssembliesLoaded (0ms)
			ExecutionOrderSort2 (0ms)
			AwakeInstancesAfterBackupRestoration (35ms)
Platform modules already initialized, skipping
Refreshing native plugins compatible for Editor in 18.52 ms, found 4 plugins.
Preloading 0 native plugins for Editor in 0.00 ms.
Unloading 2341 Unused Serialized files (Serialized files now loaded: 0)
Unloading 65 unused Assets / (1.1 MB). Loaded Objects now: 2918.
Memory consumption went from 102.4 MB to 101.3 MB.
Total: 26.998600 ms (FindLiveObjects: 0.663100 ms CreateObjectMapping: 0.187400 ms MarkObjects: 25.028600 ms  DeleteObjects: 1.117100 ms)

AssetImportParameters requested are different than current active one (requested -> active):
  custom:video-decoder-ogg-theora: a1e56fd34408186e4bbccfd4996cb3dc -> 
  custom:container-muxer-webm: aa71ff27fc2769a1b78a27578f13a17b -> 
  custom:container-demuxer-webm: 4f35f7cbe854078d1ac9338744f61a02 -> 
  custom:video-encoder-webm-vp8: eb34c28f22e8b96e1ab97ce403110664 -> 
  custom:audio-encoder-webm-vorbis: bf7c407c2cedff20999df2af8eb42d56 -> 
  custom:framework-win-MediaFoundation: 216162199b28c13a410421893ffa2e32 -> 
  custom:graphics/etc-compressor: 01010204000000000000000000000000 -> 01020205000000000000000000000000
  custom:SearchIndexIgnoredProperties: e643bd26f0fe6173181afceb89e7c659 -> 
  custom:container-demuxer-ogg: 62fdf1f143b41e24485cea50d1cbac27 -> 
  custom:video-decoder-webm-vp8: 9c59270c3fd7afecdb556c50c9e8de78 -> 
  custom:audio-decoder-ogg-vorbis: bf7c407c2cedff20999df2af8eb42d56 -> 
========================================================================
Received Import Request.
  Time since last request: 96.490917 seconds.
  path: Packages/com.unity.2d.sprite
  artifactKey: Guid(0901a6b758d060e9422c4f8d588d5895) Importer(815301076,1909f56bfc062723c751e8b465ee728b)
Start importing Packages/com.unity.2d.sprite using Guid(0901a6b758d060e9422c4f8d588d5895) Importer(815301076,1909f56bfc062723c751e8b465ee728b)  -> (artifact id: '2214c561e54f21afc32773d6d2893b48') in 0.061258 seconds 
========================================================================
Received Import Request.
  Time since last request: 0.000120 seconds.
  path: Packages/com.unity.2d.sprite/package.json
  artifactKey: Guid(7dc5f1e5d04ac8549ac21802071e983b) Importer(815301076,1909f56bfc062723c751e8b465ee728b)
Start importing Packages/com.unity.2d.sprite/package.json using Guid(7dc5f1e5d04ac8549ac21802071e983b) Importer(815301076,1909f56bfc062723c751e8b465ee728b)  -> (artifact id: '5ab794777eb78032da916509d57055a4') in 0.103092 seconds 
========================================================================
Received Prepare
Registering precompiled user dll's ...
Registered in 0.017335 seconds.
Begin MonoManager ReloadAssembly
Native extension for WindowsStandalone target not found
Refreshing native plugins compatible for Editor in 1.43 ms, found 4 plugins.
Preloading 0 native plugins for Editor in 0.00 ms.
Mono: successfully reloaded assembly
- Completed reload, in  5.996 seconds
Domain Reload Profiling:
	ReloadAssembly (5998ms)
		BeginReloadAssembly (482ms)
			ExecutionOrderSort (0ms)
			DisableScriptedObjects (23ms)
			BackupInstance (0ms)
			ReleaseScriptingObjects (0ms)
			CreateAndSetChildDomain (156ms)
		EndReloadAssembly (5224ms)
			LoadAssemblies (317ms)
			RebuildTransferFunctionScriptingTraits (0ms)
			SetupTypeCache (630ms)
			ReleaseScriptCaches (2ms)
			RebuildScriptCaches (132ms)
			SetupLoadedEditorAssemblies (4093ms)
				LogAssemblyErrors (0ms)
				InitializePlatformSupportModulesInManaged (18ms)
				SetLoadedEditorAssemblies (1ms)
				RefreshPlugins (2ms)
				BeforeProcessingInitializeOnLoad (143ms)
				ProcessInitializeOnLoadAttributes (3713ms)
				ProcessInitializeOnLoadMethodAttributes (201ms)
				AfterProcessingInitializeOnLoad (14ms)
				EditorAssembliesLoaded (1ms)
			ExecutionOrderSort2 (0ms)
			AwakeInstancesAfterBackupRestoration (21ms)
Platform modules already initialized, skipping
Refreshing native plugins compatible for Editor in 9.30 ms, found 4 plugins.
Preloading 0 native plugins for Editor in 0.00 ms.
Unloading 2341 Unused Serialized files (Serialized files now loaded: 0)
Unloading 65 unused Assets / (1.1 MB). Loaded Objects now: 2921.
Memory consumption went from 102.4 MB to 101.3 MB.
Total: 27.011800 ms (FindLiveObjects: 0.656500 ms CreateObjectMapping: 0.234800 ms MarkObjects: 25.075800 ms  DeleteObjects: 1.042400 ms)

AssetImportParameters requested are different than current active one (requested -> active):
  custom:video-decoder-ogg-theora: a1e56fd34408186e4bbccfd4996cb3dc -> 
  custom:container-muxer-webm: aa71ff27fc2769a1b78a27578f13a17b -> 
  custom:container-demuxer-webm: 4f35f7cbe854078d1ac9338744f61a02 -> 
  custom:video-encoder-webm-vp8: eb34c28f22e8b96e1ab97ce403110664 -> 
  custom:audio-encoder-webm-vorbis: bf7c407c2cedff20999df2af8eb42d56 -> 
  custom:framework-win-MediaFoundation: 216162199b28c13a410421893ffa2e32 -> 
  custom:graphics/etc-compressor: 01010204000000000000000000000000 -> 01020205000000000000000000000000
  custom:SearchIndexIgnoredProperties: e643bd26f0fe6173181afceb89e7c659 -> 
  custom:container-demuxer-ogg: 62fdf1f143b41e24485cea50d1cbac27 -> 
  custom:video-decoder-webm-vp8: 9c59270c3fd7afecdb556c50c9e8de78 -> 
  custom:audio-decoder-ogg-vorbis: bf7c407c2cedff20999df2af8eb42d56 -> 
